<?xml version="1.0" encoding="UTF-8"?>
<!-- Generated by org.testng.reporters.JUnitXMLReporter -->
<testsuite hostname="xiaodong-MacBook-Air.local" name="Default test" tests="10" failures="0" timestamp="26 Oct 2012 05:31:42 GMT" time="4.458" errors="0">
  <testcase name="testSendCustomMessage" time="1.115" classname="cn.jpush.test.JpushClientTest"/>
  <testcase name="testSendCustomMessageWithAlias" time="0.417" classname="cn.jpush.test.JpushClientTest"/>
  <testcase name="testSendCustomMessageWithAppKey" time="0.325" classname="cn.jpush.test.JpushClientTest"/>
  <testcase name="testSendCustomMessageWithImei" time="0.312" classname="cn.jpush.test.JpushClientTest"/>
  <testcase name="testSendCustomMessageWithTag" time="0.414" classname="cn.jpush.test.JpushClientTest"/>
  <testcase name="testSendNotificationWithImei" time="0.314" classname="cn.jpush.test.JpushClientTest"/>
  <testcase name="testSendNotifyMessage" time="0.319" classname="cn.jpush.test.JpushClientTest"/>
  <testcase name="testSendNotifyMessageWithAlias" time="0.436" classname="cn.jpush.test.JpushClientTest"/>
  <testcase name="testSendNotifyMessageWithAppKey" time="0.326" classname="cn.jpush.test.JpushClientTest"/>
  <testcase name="testSendNotifyMessageWithTag" time="0.394" classname="cn.jpush.test.JpushClientTest"/>
</testsuite> <!-- Default test -->
